# JRE version: Java(TM) SE Runtime Environment (17.0.7+8) (build 17.0.7+8-LTS-224)
# Java VM: Java HotSpot(TM) 64-Bit Server VM (17.0.7+8-LTS-224, mixed mode, sharing, tiered, compressed oops, compressed class ptrs, g1 gc, windows-amd64)
GC Precious Log:
 CPUs: 4 total, 4 available
 Memory: 7739M
 Large Page Support: Disabled
 NUMA Support: Disabled
 Compressed Oops: Enabled (32-bit)
 Heap Region Size: 1M
 Heap Min Capacity: 8M
 Heap Initial Capacity: 122M
 Heap Max Capacity: 1936M
 Pre-touch: Disabled
 Parallel Workers: 4
 Concurrent Workers: 1
 Concurrent Refinement Workers: 4
 Periodic GC: Disabled
Heap:
 garbage-first heap   total 48128K, used 27981K [0x0000000087000000, 0x0000000100000000)
  region size 1024K, 16 young (16384K), 3 survivors (3072K)
 Metaspace       used 31601K, committed 32064K, reserved 1081344K
  class space    used 4224K, committed 4480K, reserved 1048576K
GC Heap History (14 events):
Event: 1.017 GC heap before
{Heap before GC invocations=0 (full 0):
 garbage-first heap   total 124928K, used 13312K [0x0000000087000000, 0x0000000100000000)
  region size 1024K, 13 young (13312K), 0 survivors (0K)
 Metaspace       used 3754K, committed 3904K, reserved 1056768K
  class space    used 410K, committed 512K, reserved 1048576K
}
Event: 1.023 GC heap after
{Heap after GC invocations=1 (full 0):
 garbage-first heap   total 124928K, used 5389K [0x0000000087000000, 0x0000000100000000)
  region size 1024K, 2 young (2048K), 2 survivors (2048K)
 Metaspace       used 3754K, committed 3904K, reserved 1056768K
  class space    used 410K, committed 512K, reserved 1048576K
}
Event: 1.573 GC heap before
{Heap before GC invocations=1 (full 0):
 garbage-first heap   total 124928K, used 17677K [0x0000000087000000, 0x0000000100000000)
  region size 1024K, 14 young (14336K), 2 survivors (2048K)
 Metaspace       used 6127K, committed 6400K, reserved 1056768K
  class space    used 762K, committed 896K, reserved 1048576K
}
Event: 1.578 GC heap after
{Heap after GC invocations=2 (full 0):
 garbage-first heap   total 124928K, used 6476K [0x0000000087000000, 0x0000000100000000)
  region size 1024K, 2 young (2048K), 2 survivors (2048K)
 Metaspace       used 6127K, committed 6400K, reserved 1056768K
  class space    used 762K, committed 896K, reserved 1048576K
}
Event: 2.560 GC heap before
{Heap before GC invocations=2 (full 0):
 garbage-first heap   total 124928K, used 30028K [0x0000000087000000, 0x0000000100000000)
  region size 1024K, 25 young (25600K), 2 survivors (2048K)
 Metaspace       used 11855K, committed 12224K, reserved 1064960K
  class space    used 1543K, committed 1728K, reserved 1048576K
}
Event: 2.569 GC heap after
{Heap after GC invocations=3 (full 0):
 garbage-first heap   total 124928K, used 8343K [0x0000000087000000, 0x0000000100000000)
  region size 1024K, 3 young (3072K), 3 survivors (3072K)
 Metaspace       used 11855K, committed 12224K, reserved 1064960K
  class space    used 1543K, committed 1728K, reserved 1048576K
}
Event: 5.003 GC heap before
{Heap before GC invocations=3 (full 0):
 garbage-first heap   total 124928K, used 47255K [0x0000000087000000, 0x0000000100000000)
  region size 1024K, 43 young (44032K), 3 survivors (3072K)
 Metaspace       used 21139K, committed 21504K, reserved 1073152K
  class space    used 2844K, committed 3008K, reserved 1048576K
}
Event: 5.018 GC heap after
{Heap after GC invocations=4 (full 0):
 garbage-first heap   total 124928K, used 11253K [0x0000000087000000, 0x0000000100000000)
  region size 1024K, 6 young (6144K), 6 survivors (6144K)
 Metaspace       used 21139K, committed 21504K, reserved 1073152K
  class space    used 2844K, committed 3008K, reserved 1048576K
}
Event: 6.326 GC heap before
{Heap before GC invocations=5 (full 0):
 garbage-first heap   total 48128K, used 33781K [0x0000000087000000, 0x0000000100000000)
  region size 1024K, 28 young (28672K), 6 survivors (6144K)
 Metaspace       used 24829K, committed 25216K, reserved 1073152K
  class space    used 3312K, committed 3520K, reserved 1048576K
}
Event: 6.352 GC heap after
{Heap after GC invocations=6 (full 0):
 garbage-first heap   total 48128K, used 13650K [0x0000000087000000, 0x0000000100000000)
  region size 1024K, 3 young (3072K), 3 survivors (3072K)
 Metaspace       used 24829K, committed 25216K, reserved 1073152K
  class space    used 3312K, committed 3520K, reserved 1048576K
}
Event: 6.418 GC heap before
{Heap before GC invocations=6 (full 0):
 garbage-first heap   total 48128K, used 14674K [0x0000000087000000, 0x0000000100000000)
  region size 1024K, 4 young (4096K), 3 survivors (3072K)
 Metaspace       used 24953K, committed 25408K, reserved 1073152K
  class space    used 3332K, committed 3520K, reserved 1048576K
}
Event: 6.429 GC heap after
{Heap after GC invocations=7 (full 0):
 garbage-first heap   total 48128K, used 13876K [0x0000000087000000, 0x0000000100000000)
  region size 1024K, 1 young (1024K), 1 survivors (1024K)
 Metaspace       used 24953K, committed 25408K, reserved 1073152K
  class space    used 3332K, committed 3520K, reserved 1048576K
}
Event: 8.126 GC heap before
{Heap before GC invocations=7 (full 0):
 garbage-first heap   total 48128K, used 34356K [0x0000000087000000, 0x0000000100000000)
  region size 1024K, 21 young (21504K), 1 survivors (1024K)
 Metaspace       used 28527K, committed 28992K, reserved 1081344K
  class space    used 3827K, committed 4032K, reserved 1048576K
}
Event: 8.143 GC heap after
{Heap after GC invocations=8 (full 0):
 garbage-first heap   total 48128K, used 15693K [0x0000000087000000, 0x0000000100000000)
  region size 1024K, 3 young (3072K), 3 survivors (3072K)
 Metaspace       used 28527K, committed 28992K, reserved 1081344K
  class space    used 3827K, committed 4032K, reserved 1048576K
}

